time="2025-12-14T04:14:10Z" level=warning msg="/app/docker-compose.yml: the attribute `version` is obsolete, it will be ignored, please remove it to avoid potential confusion"
#1 [internal] load local bake definitions
#1 reading from stdin 441B done
#1 DONE 0.0s

#2 [internal] load build definition from Dockerfile
#2 transferring dockerfile: 489B done
#2 DONE 0.0s

#3 [internal] load metadata for docker.io/library/node:20-alpine
#3 DONE 0.3s

#4 [internal] load .dockerignore
#4 transferring context: 2B done
#4 DONE 0.0s

#5 [frontend-builder 1/6] FROM docker.io/library/node:20-alpine@sha256:643e7036aa985317ebfee460005e322aa550c6b6883000d01daefb58689a58e2
#5 DONE 0.0s

#6 [internal] load build context
#6 transferring context: 3.54MB 1.8s done
#6 DONE 1.9s

#7 [frontend-builder 2/6] WORKDIR /app
#7 CACHED

#8 [frontend-builder 3/6] COPY package*.json ./
#8 CACHED

#9 [frontend-builder 4/6] COPY . .
#9 DONE 5.2s

#10 [frontend-builder 5/6] RUN npm install
#10 7.566
#10 7.566 > prepare
#10 7.566 > if [ -f ./bin/setup-githooks.sh ]; then ./bin/setup-githooks.sh; fi
#10 7.566
#10 7.582
#10 7.582 up to date, audited 670 packages in 3s
#10 7.583
#10 7.583 199 packages are looking for funding
#10 7.583   run `npm fund` for details
#10 7.587
#10 7.587 1 moderate severity vulnerability
#10 7.587
#10 7.587 To address all issues, run:
#10 7.587   npm audit fix
#10 7.587
#10 7.587 Run `npm audit` for details.
#10 7.589 npm notice
#10 7.589 npm notice New major version of npm available! 10.8.2 -> 11.7.0
#10 7.589 npm notice Changelog: https://github.com/npm/cli/releases/tag/v11.7.0
#10 7.589 npm notice To update run: npm install -g npm@11.7.0
#10 7.589 npm notice
#10 DONE 7.6s

#11 [frontend-builder 6/6] RUN npm run build
#11 5.711
#11 5.711 > build
#11 5.711 > npm run check:safe && vite build
#11 5.711
#11 5.997
#11 5.997 > check:safe
#11 5.997 > timeout 20 npm run check || (echo 'Check timed out after 20 seconds' && exit 1)
#11 5.997
#11 6.227
#11 6.227 > check
#11 6.227 > tsgo --noEmit && npm run lint:radix -- --fix && npm run format
#11 6.227
#11 7.944
#11 7.944 > lint:radix
#11 7.944 > grep -l -r '<SelectItem' src | xargs eslint --config config/eslint/eslint.radix.config.js --fix
#11 7.944
#11 10.48
#11 10.48 > format
#11 10.48 > biome check --write --unsafe
#11 10.48
#11 10.68 Checked 7 files in 106ms. No fixes applied.
#11 12.37
#11 12.37 ♻️  Generating routes...
#11 12.55 ✅ Processed route in 180ms
#11 12.55 rolldown-vite v7.1.20 building for production...
#11 12.62 <script src="/creao-runtime/index.js?t=1764116069&v=338748745c7692d3c95ae47e6853de6a39fdc0f6"> in "/index.html" can't be bundled without type="module" attribute
#11 12.76 [2Ktransforming...✓ 1757 modules transformed.
#11 15.15 rendering chunks...
#11 15.47 computing gzip size...
#11 15.48 dist/index.html                       0.98 kB │ gzip:   0.54 kB
#11 15.48 dist/assets/index-D6KdedMI.css      167.72 kB │ gzip:  26.41 kB
#11 15.48 dist/assets/web-vitals-BPXkhy0E.js    6.72 kB │ gzip:   2.46 kB
#11 15.48 dist/assets/index-BTUs1L5q.js       446.41 kB │ gzip: 147.18 kB
#11 15.49 ✓ built in 2.92s
#11 DONE 15.6s

#12 [backend-builder 3/6] COPY server/package*.json ./
#12 CACHED

#13 [backend-builder 4/6] RUN npm install
#13 CACHED

#14 [backend-builder 5/6] COPY server/. .
#14 CACHED

#15 [backend-builder 6/6] COPY --from=frontend-builder /app/dist ./dist
#15 DONE 2.0s

#7 [frontend-builder 2/6] WORKDIR /app
#7 CACHED

#16 [stage-2 3/3] COPY --from=backend-builder /app .
#16 DONE 0.4s

#17 exporting to image
#17 exporting layers
#17 exporting layers 0.4s done
#17 writing image sha256:c3e16771df0ad6a2cb38d597c18291b86ad8a6d37501c260f1d0cf5d58f73878 done
#17 naming to docker.io/library/app-app done
#17 DONE 0.4s

#18 resolving provenance for metadata file
#18 DONE 0.0s
 app-app  Built
 Container postgres_db  Running
 Container app  Recreate
 Container app  Recreated
 Container app  Starting
 Container app  Started
